# JRE version: Java(TM) SE Runtime Environment (8.0_181-b13) (build 1.8.0_181-b13)
# Java VM: Java HotSpot(TM) 64-Bit Server VM (25.181-b13 mixed mode linux-amd64 compressed oops)
Heap:
 PSYoungGen      total 74752K, used 1290K [0x000000076cd80000, 0x0000000772080000, 0x00000007c0000000)
  eden space 64512K, 2% used [0x000000076cd80000,0x000000076cec2ad8,0x0000000770c80000)
  from space 10240K, 0% used [0x0000000771680000,0x0000000771680000,0x0000000772080000)
  to   space 10240K, 0% used [0x0000000770c80000,0x0000000770c80000,0x0000000771680000)
 ParOldGen       total 171008K, used 1492K [0x00000006c6800000, 0x00000006d0f00000, 0x000000076cd80000)
  object space 171008K, 0% used [0x00000006c6800000,0x00000006c69751a8,0x00000006d0f00000)
 Metaspace       used 10317K, capacity 10476K, committed 10624K, reserved 1058816K
  class space    used 1095K, capacity 1150K, committed 1152K, reserved 1048576K
GC Heap History (8 events):
Event: 2,146 GC heap before
{Heap before GC invocations=1 (full 0):
 PSYoungGen      total 74752K, used 16923K [0x000000076cd80000, 0x0000000772080000, 0x00000007c0000000)
  eden space 64512K, 26% used [0x000000076cd80000,0x000000076de06ca0,0x0000000770c80000)
  from space 10240K, 0% used [0x0000000771680000,0x0000000771680000,0x0000000772080000)
  to   space 10240K, 0% used [0x0000000770c80000,0x0000000770c80000,0x0000000771680000)
 ParOldGen       total 171008K, used 0K [0x00000006c6800000, 0x00000006d0f00000, 0x000000076cd80000)
  object space 171008K, 0% used [0x00000006c6800000,0x00000006c6800000,0x00000006d0f00000)
 Metaspace       used 10138K, capacity 10284K, committed 10368K, reserved 1058816K
  class space    used 1079K, capacity 1150K, committed 1152K, reserved 1048576K
Event: 2,155 GC heap after
Heap after GC invocations=1 (full 0):
 PSYoungGen      total 74752K, used 2950K [0x000000076cd80000, 0x0000000772080000, 0x00000007c0000000)
  eden space 64512K, 0% used [0x000000076cd80000,0x000000076cd80000,0x0000000770c80000)
  from space 10240K, 28% used [0x0000000770c80000,0x0000000770f619a8,0x0000000771680000)
  to   space 10240K, 0% used [0x0000000771680000,0x0000000771680000,0x0000000772080000)
 ParOldGen       total 171008K, used 72K [0x00000006c6800000, 0x00000006d0f00000, 0x000000076cd80000)
  object space 171008K, 0% used [0x00000006c6800000,0x00000006c6812010,0x00000006d0f00000)
 Metaspace       used 10138K, capacity 10284K, committed 10368K, reserved 1058816K
  class space    used 1079K, capacity 1150K, committed 1152K, reserved 1048576K
}
Event: 2,155 GC heap before
{Heap before GC invocations=2 (full 1):
 PSYoungGen      total 74752K, used 2950K [0x000000076cd80000, 0x0000000772080000, 0x00000007c0000000)
  eden space 64512K, 0% used [0x000000076cd80000,0x000000076cd80000,0x0000000770c80000)
  from space 10240K, 28% used [0x0000000770c80000,0x0000000770f619a8,0x0000000771680000)
  to   space 10240K, 0% used [0x0000000771680000,0x0000000771680000,0x0000000772080000)
 ParOldGen       total 171008K, used 72K [0x00000006c6800000, 0x00000006d0f00000, 0x000000076cd80000)
  object space 171008K, 0% used [0x00000006c6800000,0x00000006c6812010,0x00000006d0f00000)
 Metaspace       used 10138K, capacity 10284K, committed 10368K, reserved 1058816K
  class space    used 1079K, capacity 1150K, committed 1152K, reserved 1048576K
Event: 2,171 GC heap after
Heap after GC invocations=2 (full 1):
 PSYoungGen      total 74752K, used 0K [0x000000076cd80000, 0x0000000772080000, 0x00000007c0000000)
  eden space 64512K, 0% used [0x000000076cd80000,0x000000076cd80000,0x0000000770c80000)
  from space 10240K, 0% used [0x0000000770c80000,0x0000000770c80000,0x0000000771680000)
  to   space 10240K, 0% used [0x0000000771680000,0x0000000771680000,0x0000000772080000)
 ParOldGen       total 171008K, used 2824K [0x00000006c6800000, 0x00000006d0f00000, 0x000000076cd80000)
  object space 171008K, 1% used [0x00000006c6800000,0x00000006c6ac23a0,0x00000006d0f00000)
 Metaspace       used 10138K, capacity 10284K, committed 10368K, reserved 1058816K
  class space    used 1079K, capacity 1150K, committed 1152K, reserved 1048576K
}
Event: 3,192 GC heap before
{Heap before GC invocations=3 (full 1):
 PSYoungGen      total 74752K, used 7311K [0x000000076cd80000, 0x0000000772080000, 0x00000007c0000000)
  eden space 64512K, 11% used [0x000000076cd80000,0x000000076d4a3ef0,0x0000000770c80000)
  from space 10240K, 0% used [0x0000000770c80000,0x0000000770c80000,0x0000000771680000)
  to   space 10240K, 0% used [0x0000000771680000,0x0000000771680000,0x0000000772080000)
 ParOldGen       total 171008K, used 2824K [0x00000006c6800000, 0x00000006d0f00000, 0x000000076cd80000)
  object space 171008K, 1% used [0x00000006c6800000,0x00000006c6ac23a0,0x00000006d0f00000)
 Metaspace       used 10316K, capacity 10476K, committed 10624K, reserved 1058816K
  class space    used 1095K, capacity 1150K, committed 1152K, reserved 1048576K
Event: 3,193 GC heap after
Heap after GC invocations=3 (full 1):
 PSYoungGen      total 74752K, used 182K [0x000000076cd80000, 0x0000000772080000, 0x00000007c0000000)
  eden space 64512K, 0% used [0x000000076cd80000,0x000000076cd80000,0x0000000770c80000)
  from space 10240K, 1% used [0x0000000771680000,0x00000007716ad810,0x0000000772080000)
  to   space 10240K, 0% used [0x0000000770c80000,0x0000000770c80000,0x0000000771680000)
 ParOldGen       total 171008K, used 2824K [0x00000006c6800000, 0x00000006d0f00000, 0x000000076cd80000)
  object space 171008K, 1% used [0x00000006c6800000,0x00000006c6ac23a0,0x00000006d0f00000)
 Metaspace       used 10316K, capacity 10476K, committed 10624K, reserved 1058816K
  class space    used 1095K, capacity 1150K, committed 1152K, reserved 1048576K
}
Event: 3,193 GC heap before
{Heap before GC invocations=4 (full 2):
 PSYoungGen      total 74752K, used 182K [0x000000076cd80000, 0x0000000772080000, 0x00000007c0000000)
  eden space 64512K, 0% used [0x000000076cd80000,0x000000076cd80000,0x0000000770c80000)
  from space 10240K, 1% used [0x0000000771680000,0x00000007716ad810,0x0000000772080000)
  to   space 10240K, 0% used [0x0000000770c80000,0x0000000770c80000,0x0000000771680000)
 ParOldGen       total 171008K, used 2824K [0x00000006c6800000, 0x00000006d0f00000, 0x000000076cd80000)
  object space 171008K, 1% used [0x00000006c6800000,0x00000006c6ac23a0,0x00000006d0f00000)
 Metaspace       used 10316K, capacity 10476K, committed 10624K, reserved 1058816K
  class space    used 1095K, capacity 1150K, committed 1152K, reserved 1048576K
Event: 3,216 GC heap after
Heap after GC invocations=4 (full 2):
 PSYoungGen      total 74752K, used 0K [0x000000076cd80000, 0x0000000772080000, 0x00000007c0000000)
  eden space 64512K, 0% used [0x000000076cd80000,0x000000076cd80000,0x0000000770c80000)
  from space 10240K, 0% used [0x0000000771680000,0x0000000771680000,0x0000000772080000)
  to   space 10240K, 0% used [0x0000000770c80000,0x0000000770c80000,0x0000000771680000)
 ParOldGen       total 171008K, used 1492K [0x00000006c6800000, 0x00000006d0f00000, 0x000000076cd80000)
  object space 171008K, 0% used [0x00000006c6800000,0x00000006c69751a8,0x00000006d0f00000)
 Metaspace       used 10316K, capacity 10476K, committed 10624K, reserved 1058816K
  class space    used 1095K, capacity 1150K, committed 1152K, reserved 1048576K
}

