# JRE version: Java(TM) SE Runtime Environment (8.0_181-b13) (build 1.8.0_181-b13)
# Java VM: Java HotSpot(TM) 64-Bit Server VM (25.181-b13 mixed mode linux-amd64 compressed oops)
Heap:
 PSYoungGen      total 74752K, used 0K [0x000000076cd80000, 0x0000000772080000, 0x00000007c0000000)
  eden space 64512K, 0% used [0x000000076cd80000,0x000000076cd801d0,0x0000000770c80000)
  from space 10240K, 0% used [0x0000000771680000,0x0000000771680000,0x0000000772080000)
  to   space 10240K, 0% used [0x0000000770c80000,0x0000000770c80000,0x0000000771680000)
 ParOldGen       total 171008K, used 2350K [0x00000006c6800000, 0x00000006d0f00000, 0x000000076cd80000)
  object space 171008K, 1% used [0x00000006c6800000,0x00000006c6a4bb68,0x00000006d0f00000)
 Metaspace       used 12236K, capacity 12364K, committed 12672K, reserved 1060864K
  class space    used 1259K, capacity 1310K, committed 1408K, reserved 1048576K
GC Heap History (8 events):
Event: 95,176 GC heap before
{Heap before GC invocations=1 (full 0):
 PSYoungGen      total 74752K, used 44019K [0x000000076cd80000, 0x0000000772080000, 0x00000007c0000000)
  eden space 64512K, 68% used [0x000000076cd80000,0x000000076f87cd58,0x0000000770c80000)
  from space 10240K, 0% used [0x0000000771680000,0x0000000771680000,0x0000000772080000)
  to   space 10240K, 0% used [0x0000000770c80000,0x0000000770c80000,0x0000000771680000)
 ParOldGen       total 171008K, used 0K [0x00000006c6800000, 0x00000006d0f00000, 0x000000076cd80000)
  object space 171008K, 0% used [0x00000006c6800000,0x00000006c6800000,0x00000006d0f00000)
 Metaspace       used 12074K, capacity 12300K, committed 12416K, reserved 1060864K
  class space    used 1244K, capacity 1310K, committed 1408K, reserved 1048576K
Event: 95,186 GC heap after
Heap after GC invocations=1 (full 0):
 PSYoungGen      total 74752K, used 6075K [0x000000076cd80000, 0x0000000772080000, 0x00000007c0000000)
  eden space 64512K, 0% used [0x000000076cd80000,0x000000076cd80000,0x0000000770c80000)
  from space 10240K, 59% used [0x0000000770c80000,0x000000077126ecb0,0x0000000771680000)
  to   space 10240K, 0% used [0x0000000771680000,0x0000000771680000,0x0000000772080000)
 ParOldGen       total 171008K, used 80K [0x00000006c6800000, 0x00000006d0f00000, 0x000000076cd80000)
  object space 171008K, 0% used [0x00000006c6800000,0x00000006c6814010,0x00000006d0f00000)
 Metaspace       used 12074K, capacity 12300K, committed 12416K, reserved 1060864K
  class space    used 1244K, capacity 1310K, committed 1408K, reserved 1048576K
}
Event: 95,186 GC heap before
{Heap before GC invocations=2 (full 1):
 PSYoungGen      total 74752K, used 6075K [0x000000076cd80000, 0x0000000772080000, 0x00000007c0000000)
  eden space 64512K, 0% used [0x000000076cd80000,0x000000076cd80000,0x0000000770c80000)
  from space 10240K, 59% used [0x0000000770c80000,0x000000077126ecb0,0x0000000771680000)
  to   space 10240K, 0% used [0x0000000771680000,0x0000000771680000,0x0000000772080000)
 ParOldGen       total 171008K, used 80K [0x00000006c6800000, 0x00000006d0f00000, 0x000000076cd80000)
  object space 171008K, 0% used [0x00000006c6800000,0x00000006c6814010,0x00000006d0f00000)
 Metaspace       used 12074K, capacity 12300K, committed 12416K, reserved 1060864K
  class space    used 1244K, capacity 1310K, committed 1408K, reserved 1048576K
Event: 95,212 GC heap after
Heap after GC invocations=2 (full 1):
 PSYoungGen      total 74752K, used 0K [0x000000076cd80000, 0x0000000772080000, 0x00000007c0000000)
  eden space 64512K, 0% used [0x000000076cd80000,0x000000076cd80000,0x0000000770c80000)
  from space 10240K, 0% used [0x0000000770c80000,0x0000000770c80000,0x0000000771680000)
  to   space 10240K, 0% used [0x0000000771680000,0x0000000771680000,0x0000000772080000)
 ParOldGen       total 171008K, used 5803K [0x00000006c6800000, 0x00000006d0f00000, 0x000000076cd80000)
  object space 171008K, 3% used [0x00000006c6800000,0x00000006c6daad08,0x00000006d0f00000)
 Metaspace       used 12074K, capacity 12300K, committed 12416K, reserved 1060864K
  class space    used 1244K, capacity 1310K, committed 1408K, reserved 1048576K
}
Event: 96,246 GC heap before
{Heap before GC invocations=3 (full 1):
 PSYoungGen      total 74752K, used 5654K [0x000000076cd80000, 0x0000000772080000, 0x00000007c0000000)
  eden space 64512K, 8% used [0x000000076cd80000,0x000000076d305ba0,0x0000000770c80000)
  from space 10240K, 0% used [0x0000000770c80000,0x0000000770c80000,0x0000000771680000)
  to   space 10240K, 0% used [0x0000000771680000,0x0000000771680000,0x0000000772080000)
 ParOldGen       total 171008K, used 5803K [0x00000006c6800000, 0x00000006d0f00000, 0x000000076cd80000)
  object space 171008K, 3% used [0x00000006c6800000,0x00000006c6daad08,0x00000006d0f00000)
 Metaspace       used 12236K, capacity 12364K, committed 12672K, reserved 1060864K
  class space    used 1259K, capacity 1310K, committed 1408K, reserved 1048576K
Event: 96,247 GC heap after
Heap after GC invocations=3 (full 1):
 PSYoungGen      total 74752K, used 182K [0x000000076cd80000, 0x0000000772080000, 0x00000007c0000000)
  eden space 64512K, 0% used [0x000000076cd80000,0x000000076cd80000,0x0000000770c80000)
  from space 10240K, 1% used [0x0000000771680000,0x00000007716ad810,0x0000000772080000)
  to   space 10240K, 0% used [0x0000000770c80000,0x0000000770c80000,0x0000000771680000)
 ParOldGen       total 171008K, used 5803K [0x00000006c6800000, 0x00000006d0f00000, 0x000000076cd80000)
  object space 171008K, 3% used [0x00000006c6800000,0x00000006c6daad08,0x00000006d0f00000)
 Metaspace       used 12236K, capacity 12364K, committed 12672K, reserved 1060864K
  class space    used 1259K, capacity 1310K, committed 1408K, reserved 1048576K
}
Event: 96,247 GC heap before
{Heap before GC invocations=4 (full 2):
 PSYoungGen      total 74752K, used 182K [0x000000076cd80000, 0x0000000772080000, 0x00000007c0000000)
  eden space 64512K, 0% used [0x000000076cd80000,0x000000076cd80000,0x0000000770c80000)
  from space 10240K, 1% used [0x0000000771680000,0x00000007716ad810,0x0000000772080000)
  to   space 10240K, 0% used [0x0000000770c80000,0x0000000770c80000,0x0000000771680000)
 ParOldGen       total 171008K, used 5803K [0x00000006c6800000, 0x00000006d0f00000, 0x000000076cd80000)
  object space 171008K, 3% used [0x00000006c6800000,0x00000006c6daad08,0x00000006d0f00000)
 Metaspace       used 12236K, capacity 12364K, committed 12672K, reserved 1060864K
  class space    used 1259K, capacity 1310K, committed 1408K, reserved 1048576K
Event: 96,275 GC heap after
Heap after GC invocations=4 (full 2):
 PSYoungGen      total 74752K, used 0K [0x000000076cd80000, 0x0000000772080000, 0x00000007c0000000)
  eden space 64512K, 0% used [0x000000076cd80000,0x000000076cd80000,0x0000000770c80000)
  from space 10240K, 0% used [0x0000000771680000,0x0000000771680000,0x0000000772080000)
  to   space 10240K, 0% used [0x0000000770c80000,0x0000000770c80000,0x0000000771680000)
 ParOldGen       total 171008K, used 2350K [0x00000006c6800000, 0x00000006d0f00000, 0x000000076cd80000)
  object space 171008K, 1% used [0x00000006c6800000,0x00000006c6a4bb68,0x00000006d0f00000)
 Metaspace       used 12236K, capacity 12364K, committed 12672K, reserved 1060864K
  class space    used 1259K, capacity 1310K, committed 1408K, reserved 1048576K
}

